<?xml version="1.0" encoding="UTF-8"?>
<testsuite name="test.AppTest" tests="1" skipped="0" failures="0" errors="0" timestamp="2019-09-20T10:56:13" hostname="Dell" time="0.032">
  <properties/>
  <testcase name="appHasAGreeting()" classname="test.AppTest" time="0.032"/>
  <system-out><![CDATA[]]></system-out>
  <system-err><![CDATA[]]></system-err>
</testsuite>
